<testsuite failures="1" name="src/test/java/KaratePkg/POC.feature" skipped="0" tests="1" time="2.463371">
  <testcase classname="src.test.java.KaratePkg.POC" name="Get list of all countries" time="2.463371">
    <failure message="POC.feature:10 - path: $[*], actual: [{&quot;area&quot;:652230.0,&quot;nativeName&quot;:&quot;افغانستان&quot;,&quot;capital&quot;:&quot;Kabul&quot;,&quot;demonym&quot;:&quot;Afghan&quot;,&quot;flag&quot;:&quot;https:\/\/restcountries.eu\/data\/afg.svg&quot;,&quot;alpha2Code&quot;:&quot;AF&quot;,&quot;languages&quot;:[{&quot;nativeName&quot;:&quot;پښتو&quot;,&quot;iso639_2&quot;:&quot;pus&quot;,&quot;name&quot;:&quot;Pashto&quot;,&quot;iso639_1&quot;:&quot;ps&quot;},{&quot;nativeName&quot;:&quot;Oʻzbek&quot;,&quot;iso639_2&quot;:&quot;uzb&quot;,&quot;name&quot;:&quot;Uzbek&quot;,&quot;iso639_1&quot;:&quot;uz&quot;},{&quot;nativeName&quot;:&quot;Türkmen&quot;,&quot;iso639_2&quot;:&quot;tuk&quot;,&quot;name&quot;:&quot;Turkmen&quot;,&quot;iso639_1&quot;:&quot;tk&quot;}],&quot;borders&quot;:[&quot;IRN&quot;,&quot;PAK&quot;,&quot;TKM&quot;,&quot;UZB&quot;,&quot;TJK&quot;,&quot;CHN&quot;],&quot;subregion&quot;:&quot;Southern Asia&quot;,&quot;callingCodes&quot;:[&quot;93&quot;],&quot;regionalBlocs&quot;:[{&quot;otherNames&quot;:[],&quot;acronym&quot;:&quot;SAARC&quot;,&quot;name&quot;:&quot;South Asian Association for Regional Cooperation&quot;,&quot;otherAcronyms&quot;:[]}],&quot;gini&quot;:27.8,&quot;population&quot;:27657145,&quot;numericCode&quot;:&quot;004&quot;,&quot;alpha3Code&quot;:&quot;AFG&quot;,&quot;topLevelDomain&quot;:[&quot;.af&quot;],&quot;timezones&quot;:[&quot;UTC+04:30&quot;],&quot;cioc&quot;:&quot;AFG&quot;,&quot;translations&quot;:{&quot;br&quot;:&quot;Afeganistão&quot;,&quot;de&quot;:&quot;Afghanistan&quot;,&quot;pt&quot;:&quot;Afeganistão&quot;,&quot;ja&quot;:&quot;アフガニスタン&quot;,&quot;hr&quot;:&quot;Afganistan&quot;,&quot;it&quot;:&quot;Afghanistan&quot;,&quot;fa&quot;:&quot;افغانستان&quot;,&quot;fr&quot;:&quot;Afghanistan&quot;,&quot;es&quot;:&quot;Afganistán&quot;,&quot;nl&quot;:&quot;Afghanistan&quot;},&quot;name&quot;:&quot;Afghanistan&quot;,&quot;altSpellings&quot;:[&quot;AF&quot;,&quot;Afġānistān&quot;],&quot;region&quot;:&quot;Asia&quot;,&quot;latlng&quot;:[33.0,65.0],&quot;currencies&quot;:[{&quot;symbol&quot;:&quot;؋&quot;,&quot;code&quot;:&quot;AFN&quot;,&quot;name&quot;:&quot;Afghan afghani&quot;}]},{&quot;area&quot;:2724900.0,&quot;nativeName&quot;:&quot;Қазақстан&quot;,&quot;capital&quot;:&quot;Astana&quot;,&quot;demonym&quot;:&quot;Kazakhstani&quot;,&quot;flag&quot;:&quot;https:\/\/restcountries.eu\/data\/kaz.svg&quot;,&quot;alpha2Code&quot;:&quot;KZ&quot;,&quot;languages&quot;:[{&quot;nativeName&quot;:&quot;қазақ тілі&quot;,&quot;iso639_2&quot;:&quot;kaz&quot;,&quot;name&quot;:&quot;Kazakh&quot;,&quot;iso639_1&quot;:&quot;kk&quot;},{&quot;nativeName&quot;:&quot;Русский&quot;,&quot;iso639_2&quot;:&quot;rus&quot;,&quot;name&quot;:&quot;Russian&quot;,&quot;iso639_1&quot;:&quot;ru&quot;}],&quot;borders&quot;:[&quot;CHN&quot;,&quot;KGZ&quot;,&quot;RUS&quot;,&quot;TKM&quot;,&quot;UZB&quot;],&quot;subregion&quot;:&quot;Central Asia&quot;,&quot;callingCodes&quot;:[&quot;76&quot;,&quot;77&quot;],&quot;regionalBlocs&quot;:[{&quot;otherNames&quot;:[],&quot;acronym&quot;:&quot;EEU&quot;,&quot;name&quot;:&quot;Eurasian Economic Union&quot;,&quot;otherAcronyms&quot;:[&quot;EAEU&quot;]}],&quot;gini&quot;:29.0,&quot;population&quot;:17753200,&quot;numericCode&quot;:&quot;398&quot;,&quot;alpha3Code&quot;:&quot;KAZ&quot;,&quot;topLevelDomain&quot;:[&quot;.kz&quot;,&quot;.қаз&quot;],&quot;timezones&quot;:[&quot;UTC+05:00&quot;,&quot;UTC+06:00&quot;],&quot;cioc&quot;:&quot;KAZ&quot;,&quot;translations&quot;:{&quot;br&quot;:&quot;Cazaquistão&quot;,&quot;de&quot;:&quot;Kasachstan&quot;,&quot;pt&quot;:&quot;Cazaquistão&quot;,&quot;ja&quot;:&quot;カザフスタン&quot;,&quot;hr&quot;:&quot;Kazahstan&quot;,&quot;it&quot;:&quot;Kazakistan&quot;,&quot;fa&quot;:&quot;قزاقستان&quot;,&quot;fr&quot;:&quot;Kazakhstan&quot;,&quot;es&quot;:&quot;Kazajistán&quot;,&quot;nl&quot;:&quot;Kazachstan&quot;},&quot;name&quot;:&quot;Kazakhstan&quot;,&quot;altSpellings&quot;:[&quot;KZ&quot;,&quot;Qazaqstan&quot;,&quot;Казахстан&quot;,&quot;Republic of Kazakhstan&quot;,&quot;Қазақстан Республикасы&quot;,&quot;Qazaqstan Respublïkası&quot;,&quot;Республика Казахстан&quot;,&quot;Respublika Kazakhstan&quot;],&quot;region&quot;:&quot;Asia&quot;,&quot;latlng&quot;:[48.0,68.0],&quot;currencies&quot;:[{&quot;symbol&quot;:null,&quot;code&quot;:&quot;KZT&quot;,&quot;name&quot;:&quot;Kazakhstani tenge&quot;}]},{&quot;area&quot;:199951.0,&quot;nativeName&quot;:&quot;Кыргызстан&quot;,&quot;capital&quot;:&quot;Bishkek&quot;,&quot;demonym&quot;:&quot;Kirghiz&quot;,&quot;flag&quot;:&quot;https:\/\/restcountries.eu\/data\/kgz.svg&quot;,&quot;alpha2Code&quot;:&quot;KG&quot;,&quot;languages&quot;:[{&quot;nativeName&quot;:&quot;Кыргызча&quot;,&quot;iso639_2&quot;:&quot;kir&quot;,&quot;name&quot;:&quot;Kyrgyz&quot;,&quot;iso639_1&quot;:&quot;ky&quot;},{&quot;nativeName&quot;:&quot;Русский&quot;,&quot;iso639_2&quot;:&quot;rus&quot;,&quot;name&quot;:&quot;Russian&quot;,&quot;iso639_1&quot;:&quot;ru&quot;}],&quot;borders&quot;:[&quot;CHN&quot;,&quot;KAZ&quot;,&quot;TJK&quot;,&quot;UZB&quot;],&quot;subregion&quot;:&quot;Central Asia&quot;,&quot;callingCodes&quot;:[&quot;996&quot;],&quot;regionalBlocs&quot;:[{&quot;otherNames&quot;:[],&quot;acronym&quot;:&quot;EEU&quot;,&quot;name&quot;:&quot;Eurasian Economic Union&quot;,&quot;otherAcronyms&quot;:[&quot;EAEU&quot;]}],&quot;gini&quot;:36.2,&quot;population&quot;:6047800,&quot;numericCode&quot;:&quot;417&quot;,&quot;alpha3Code&quot;:&quot;KGZ&quot;,&quot;topLevelDomain&quot;:[&quot;.kg&quot;],&quot;timezones&quot;:[&quot;UTC+06:00&quot;],&quot;cioc&quot;:&quot;KGZ&quot;,&quot;translations&quot;:{&quot;br&quot;:&quot;Quirguistão&quot;,&quot;de&quot;:&quot;Kirgisistan&quot;,&quot;pt&quot;:&quot;Quirguizistão&quot;,&quot;ja&quot;:&quot;キルギス&quot;,&quot;hr&quot;:&quot;Kirgistan&quot;,&quot;it&quot;:&quot;Kirghizistan&quot;,&quot;fa&quot;:&quot;قرقیزستان&quot;,&quot;fr&quot;:&quot;Kirghizistan&quot;,&quot;es&quot;:&quot;Kirguizistán&quot;,&quot;nl&quot;:&quot;Kirgizië&quot;},&quot;name&quot;:&quot;Kyrgyzstan&quot;,&quot;altSpellings&quot;:[&quot;KG&quot;,&quot;Киргизия&quot;,&quot;Kyrgyz Republic&quot;,&quot;Кыргыз Республикасы&quot;,&quot;Kyrgyz Respublikasy&quot;],&quot;region&quot;:&quot;Asia&quot;,&quot;latlng&quot;:[41.0,75.0],&quot;currencies&quot;:[{&quot;symbol&quot;:&quot;с&quot;,&quot;code&quot;:&quot;KGS&quot;,&quot;name&quot;:&quot;Kyrgyzstani som&quot;}]},{&quot;area&quot;:881912.0,&quot;nativeName&quot;:&quot;Pakistan&quot;,&quot;capital&quot;:&quot;Islamabad&quot;,&quot;demonym&quot;:&quot;Pakistani&quot;,&quot;flag&quot;:&quot;https:\/\/restcountries.eu\/data\/pak.svg&quot;,&quot;alpha2Code&quot;:&quot;PK&quot;,&quot;languages&quot;:[{&quot;nativeName&quot;:&quot;English&quot;,&quot;iso639_2&quot;:&quot;eng&quot;,&quot;name&quot;:&quot;English&quot;,&quot;iso639_1&quot;:&quot;en&quot;},{&quot;nativeName&quot;:&quot;اردو&quot;,&quot;iso639_2&quot;:&quot;urd&quot;,&quot;name&quot;:&quot;Urdu&quot;,&quot;iso639_1&quot;:&quot;ur&quot;}],&quot;borders&quot;:[&quot;AFG&quot;,&quot;CHN&quot;,&quot;IND&quot;,&quot;IRN&quot;],&quot;subregion&quot;:&quot;Southern Asia&quot;,&quot;callingCodes&quot;:[&quot;92&quot;],&quot;regionalBlocs&quot;:[{&quot;otherNames&quot;:[],&quot;acronym&quot;:&quot;SAARC&quot;,&quot;name&quot;:&quot;South Asian Association for Regional Cooperation&quot;,&quot;otherAcronyms&quot;:[]}],&quot;gini&quot;:30.0,&quot;population&quot;:194125062,&quot;numericCode&quot;:&quot;586&quot;,&quot;alpha3Code&quot;:&quot;PAK&quot;,&quot;topLevelDomain&quot;:[&quot;.pk&quot;],&quot;timezones&quot;:[&quot;UTC+05:00&quot;],&quot;cioc&quot;:&quot;PAK&quot;,&quot;translations&quot;:{&quot;br&quot;:&quot;Paquistão&quot;,&quot;de&quot;:&quot;Pakistan&quot;,&quot;pt&quot;:&quot;Paquistão&quot;,&quot;ja&quot;:&quot;パキスタン&quot;,&quot;hr&quot;:&quot;Pakistan&quot;,&quot;it&quot;:&quot;Pakistan&quot;,&quot;fa&quot;:&quot;پاکستان&quot;,&quot;fr&quot;:&quot;Pakistan&quot;,&quot;es&quot;:&quot;Pakistán&quot;,&quot;nl&quot;:&quot;Pakistan&quot;},&quot;name&quot;:&quot;Pakistan&quot;,&quot;altSpellings&quot;:[&quot;PK&quot;,&quot;Pākistān&quot;,&quot;Islamic Republic of Pakistan&quot;,&quot;Islāmī Jumhūriya'eh Pākistān&quot;],&quot;region&quot;:&quot;Asia&quot;,&quot;latlng&quot;:[30.0,70.0],&quot;currencies&quot;:[{&quot;symbol&quot;:&quot;\u20A8&quot;,&quot;code&quot;:&quot;PKR&quot;,&quot;name&quot;:&quot;Pakistani rupee&quot;}]},{&quot;area&quot;:null,&quot;nativeName&quot;:&quot;Saint Helena&quot;,&quot;capital&quot;:&quot;Jamestown&quot;,&quot;demonym&quot;:&quot;Saint Helenian&quot;,&quot;flag&quot;:&quot;https:\/\/restcountries.eu\/data\/shn.svg&quot;,&quot;alpha2Code&quot;:&quot;SH&quot;,&quot;languages&quot;:[{&quot;nativeName&quot;:&quot;English&quot;,&quot;iso639_2&quot;:&quot;eng&quot;,&quot;name&quot;:&quot;English&quot;,&quot;iso639_1&quot;:&quot;en&quot;}],&quot;borders&quot;:[],&quot;subregion&quot;:&quot;Western Africa&quot;,&quot;callingCodes&quot;:[&quot;290&quot;],&quot;regionalBlocs&quot;:[{&quot;otherNames&quot;:[&quot;الاتحاد الأفريقي&quot;,&quot;Union africaine&quot;,&quot;União Africana&quot;,&quot;Unión Africana&quot;,&quot;Umoja wa Afrika&quot;],&quot;acronym&quot;:&quot;AU&quot;,&quot;name&quot;:&quot;African Union&quot;,&quot;otherAcronyms&quot;:[]}],&quot;gini&quot;:null,&quot;population&quot;:4255,&quot;numericCode&quot;:&quot;654&quot;,&quot;alpha3Code&quot;:&quot;SHN&quot;,&quot;topLevelDomain&quot;:[&quot;.sh&quot;],&quot;timezones&quot;:[&quot;UTC+00:00&quot;],&quot;cioc&quot;:null,&quot;translations&quot;:{&quot;br&quot;:&quot;Santa Helena&quot;,&quot;de&quot;:&quot;Sankt Helena&quot;,&quot;pt&quot;:&quot;Santa Helena&quot;,&quot;ja&quot;:&quot;セントヘレナ・アセンションおよびトリスタンダクーニャ&quot;,&quot;hr&quot;:&quot;Sveta Helena&quot;,&quot;it&quot;:&quot;Sant'Elena&quot;,&quot;fa&quot;:&quot;سنت هلنا، اسنشن و تریستان دا کونا&quot;,&quot;fr&quot;:&quot;Sainte-Hélène&quot;,&quot;es&quot;:&quot;Santa Helena&quot;,&quot;nl&quot;:&quot;Sint-Helena&quot;},&quot;name&quot;:&quot;Saint Helena, Ascension and Tristan da Cunha&quot;,&quot;altSpellings&quot;:[&quot;SH&quot;],&quot;region&quot;:&quot;Africa&quot;,&quot;latlng&quot;:[-15.95,-5.7],&quot;currencies&quot;:[{&quot;symbol&quot;:&quot;£&quot;,&quot;code&quot;:&quot;SHP&quot;,&quot;name&quot;:&quot;Saint Helena pound&quot;}]},{&quot;area&quot;:143100.0,&quot;nativeName&quot;:&quot;Тоҷикистон&quot;,&quot;capital&quot;:&quot;Dushanbe&quot;,&quot;demonym&quot;:&quot;Tadzhik&quot;,&quot;flag&quot;:&quot;https:\/\/restcountries.eu\/data\/tjk.svg&quot;,&quot;alpha2Code&quot;:&quot;TJ&quot;,&quot;languages&quot;:[{&quot;nativeName&quot;:&quot;тоҷикӣ&quot;,&quot;iso639_2&quot;:&quot;tgk&quot;,&quot;name&quot;:&quot;Tajik&quot;,&quot;iso639_1&quot;:&quot;tg&quot;},{&quot;nativeName&quot;:&quot;Русский&quot;,&quot;iso639_2&quot;:&quot;rus&quot;,&quot;name&quot;:&quot;Russian&quot;,&quot;iso639_1&quot;:&quot;ru&quot;}],&quot;borders&quot;:[&quot;AFG&quot;,&quot;CHN&quot;,&quot;KGZ&quot;,&quot;UZB&quot;],&quot;subregion&quot;:&quot;Central Asia&quot;,&quot;callingCodes&quot;:[&quot;992&quot;],&quot;regionalBlocs&quot;:[],&quot;gini&quot;:30.8,&quot;population&quot;:8593600,&quot;numericCode&quot;:&quot;762&quot;,&quot;alpha3Code&quot;:&quot;TJK&quot;,&quot;topLevelDomain&quot;:[&quot;.tj&quot;],&quot;timezones&quot;:[&quot;UTC+05:00&quot;],&quot;cioc&quot;:&quot;TJK&quot;,&quot;translations&quot;:{&quot;br&quot;:&quot;Tajiquistão&quot;,&quot;de&quot;:&quot;Tadschikistan&quot;,&quot;pt&quot;:&quot;Tajiquistão&quot;,&quot;ja&quot;:&quot;タジキスタン&quot;,&quot;hr&quot;:&quot;Tađikistan&quot;,&quot;it&quot;:&quot;Tagikistan&quot;,&quot;fa&quot;:&quot;تاجیکستان&quot;,&quot;fr&quot;:&quot;Tadjikistan&quot;,&quot;es&quot;:&quot;Tayikistán&quot;,&quot;nl&quot;:&quot;Tadzjikistan&quot;},&quot;name&quot;:&quot;Tajikistan&quot;,&quot;altSpellings&quot;:[&quot;TJ&quot;,&quot;Toçikiston&quot;,&quot;Republic of Tajikistan&quot;,&quot;Ҷумҳурии Тоҷикистон&quot;,&quot;Çumhuriyi Toçikiston&quot;],&quot;region&quot;:&quot;Asia&quot;,&quot;latlng&quot;:[39.0,71.0],&quot;currencies&quot;:[{&quot;symbol&quot;:&quot;ЅМ&quot;,&quot;code&quot;:&quot;TJS&quot;,&quot;name&quot;:&quot;Tajikistani somoni&quot;}]},{&quot;area&quot;:488100.0,&quot;nativeName&quot;:&quot;Türkmenistan&quot;,&quot;capital&quot;:&quot;Ashgabat&quot;,&quot;demonym&quot;:&quot;Turkmen&quot;,&quot;flag&quot;:&quot;https:\/\/restcountries.eu\/data\/tkm.svg&quot;,&quot;alpha2Code&quot;:&quot;TM&quot;,&quot;languages&quot;:[{&quot;nativeName&quot;:&quot;Türkmen&quot;,&quot;iso639_2&quot;:&quot;tuk&quot;,&quot;name&quot;:&quot;Turkmen&quot;,&quot;iso639_1&quot;:&quot;tk&quot;},{&quot;nativeName&quot;:&quot;Русский&quot;,&quot;iso639_2&quot;:&quot;rus&quot;,&quot;name&quot;:&quot;Russian&quot;,&quot;iso639_1&quot;:&quot;ru&quot;}],&quot;borders&quot;:[&quot;AFG&quot;,&quot;IRN&quot;,&quot;KAZ&quot;,&quot;UZB&quot;],&quot;subregion&quot;:&quot;Central Asia&quot;,&quot;callingCodes&quot;:[&quot;993&quot;],&quot;regionalBlocs&quot;:[],&quot;gini&quot;:40.8,&quot;population&quot;:4751120,&quot;numericCode&quot;:&quot;795&quot;,&quot;alpha3Code&quot;:&quot;TKM&quot;,&quot;topLevelDomain&quot;:[&quot;.tm&quot;],&quot;timezones&quot;:[&quot;UTC+05:00&quot;],&quot;cioc&quot;:&quot;TKM&quot;,&quot;translations&quot;:{&quot;br&quot;:&quot;Turcomenistão&quot;,&quot;de&quot;:&quot;Turkmenistan&quot;,&quot;pt&quot;:&quot;Turquemenistão&quot;,&quot;ja&quot;:&quot;トルクメニスタン&quot;,&quot;hr&quot;:&quot;Turkmenistan&quot;,&quot;it&quot;:&quot;Turkmenistan&quot;,&quot;fa&quot;:&quot;ترکمنستان&quot;,&quot;fr&quot;:&quot;Turkménistan&quot;,&quot;es&quot;:&quot;Turkmenistán&quot;,&quot;nl&quot;:&quot;Turkmenistan&quot;},&quot;name&quot;:&quot;Turkmenistan&quot;,&quot;altSpellings&quot;:[&quot;TM&quot;],&quot;region&quot;:&quot;Asia&quot;,&quot;latlng&quot;:[40.0,60.0],&quot;currencies&quot;:[{&quot;symbol&quot;:&quot;m&quot;,&quot;code&quot;:&quot;TMT&quot;,&quot;name&quot;:&quot;Turkmenistan manat&quot;}]},{&quot;area&quot;:447400.0,&quot;nativeName&quot;:&quot;O\u2018zbekiston&quot;,&quot;capital&quot;:&quot;Tashkent&quot;,&quot;demonym&quot;:&quot;Uzbekistani&quot;,&quot;flag&quot;:&quot;https:\/\/restcountries.eu\/data\/uzb.svg&quot;,&quot;alpha2Code&quot;:&quot;UZ&quot;,&quot;languages&quot;:[{&quot;nativeName&quot;:&quot;Oʻzbek&quot;,&quot;iso639_2&quot;:&quot;uzb&quot;,&quot;name&quot;:&quot;Uzbek&quot;,&quot;iso639_1&quot;:&quot;uz&quot;},{&quot;nativeName&quot;:&quot;Русский&quot;,&quot;iso639_2&quot;:&quot;rus&quot;,&quot;name&quot;:&quot;Russian&quot;,&quot;iso639_1&quot;:&quot;ru&quot;}],&quot;borders&quot;:[&quot;AFG&quot;,&quot;KAZ&quot;,&quot;KGZ&quot;,&quot;TJK&quot;,&quot;TKM&quot;],&quot;subregion&quot;:&quot;Central Asia&quot;,&quot;callingCodes&quot;:[&quot;998&quot;],&quot;regionalBlocs&quot;:[],&quot;gini&quot;:36.7,&quot;population&quot;:31576400,&quot;numericCode&quot;:&quot;860&quot;,&quot;alpha3Code&quot;:&quot;UZB&quot;,&quot;topLevelDomain&quot;:[&quot;.uz&quot;],&quot;timezones&quot;:[&quot;UTC+05:00&quot;],&quot;cioc&quot;:&quot;UZB&quot;,&quot;translations&quot;:{&quot;br&quot;:&quot;Uzbequistão&quot;,&quot;de&quot;:&quot;Usbekistan&quot;,&quot;pt&quot;:&quot;Usbequistão&quot;,&quot;ja&quot;:&quot;ウズベキスタン&quot;,&quot;hr&quot;:&quot;Uzbekistan&quot;,&quot;it&quot;:&quot;Uzbekistan&quot;,&quot;fa&quot;:&quot;ازبکستان&quot;,&quot;fr&quot;:&quot;Ouzbékistan&quot;,&quot;es&quot;:&quot;Uzbekistán&quot;,&quot;nl&quot;:&quot;Oezbekistan&quot;},&quot;name&quot;:&quot;Uzbekistan&quot;,&quot;altSpellings&quot;:[&quot;UZ&quot;,&quot;Republic of Uzbekistan&quot;,&quot;O\u2018zbekiston Respublikasi&quot;,&quot;Ўзбекистон Республикаси&quot;],&quot;region&quot;:&quot;Asia&quot;,&quot;latlng&quot;:[41.0,64.0],&quot;currencies&quot;:[{&quot;symbol&quot;:null,&quot;code&quot;:&quot;UZS&quot;,&quot;name&quot;:&quot;Uzbekistani so'm&quot;}]},{&quot;area&quot;:29743.0,&quot;nativeName&quot;:&quot;Հայաստան&quot;,&quot;capital&quot;:&quot;Yerevan&quot;,&quot;demonym&quot;:&quot;Armenian&quot;,&quot;flag&quot;:&quot;https:\/\/restcountries.eu\/data\/arm.svg&quot;,&quot;alpha2Code&quot;:&quot;AM&quot;,&quot;languages&quot;:[{&quot;nativeName&quot;:&quot;Հայերեն&quot;,&quot;iso639_2&quot;:&quot;hye&quot;,&quot;name&quot;:&quot;Armenian&quot;,&quot;iso639_1&quot;:&quot;hy&quot;},{&quot;nativeName&quot;:&quot;Русский&quot;,&quot;iso639_2&quot;:&quot;rus&quot;,&quot;name&quot;:&quot;Russian&quot;,&quot;iso639_1&quot;:&quot;ru&quot;}],&quot;borders&quot;:[&quot;AZE&quot;,&quot;GEO&quot;,&quot;IRN&quot;,&quot;TUR&quot;],&quot;subregion&quot;:&quot;Western Asia&quot;,&quot;callingCodes&quot;:[&quot;374&quot;],&quot;regionalBlocs&quot;:[{&quot;otherNames&quot;:[],&quot;acronym&quot;:&quot;EEU&quot;,&quot;name&quot;:&quot;Eurasian Economic Union&quot;,&quot;otherAcronyms&quot;:[&quot;EAEU&quot;]}],&quot;gini&quot;:30.9,&quot;population&quot;:2994400,&quot;numericCode&quot;:&quot;051&quot;,&quot;alpha3Code&quot;:&quot;ARM&quot;,&quot;topLevelDomain&quot;:[&quot;.am&quot;],&quot;timezones&quot;:[&quot;UTC+04:00&quot;],&quot;cioc&quot;:&quot;ARM&quot;,&quot;translations&quot;:{&quot;br&quot;:&quot;Armênia&quot;,&quot;de&quot;:&quot;Armenien&quot;,&quot;pt&quot;:&quot;Arménia&quot;,&quot;ja&quot;:&quot;アルメニア&quot;,&quot;hr&quot;:&quot;Armenija&quot;,&quot;it&quot;:&quot;Armenia&quot;,&quot;fa&quot;:&quot;ارمنستان&quot;,&quot;fr&quot;:&quot;Arménie&quot;,&quot;es&quot;:&quot;Armenia&quot;,&quot;nl&quot;:&quot;Armenië&quot;},&quot;name&quot;:&quot;Armenia&quot;,&quot;altSpellings&quot;:[&quot;AM&quot;,&quot;Hayastan&quot;,&quot;Republic of Armenia&quot;,&quot;Հայաստանի Հանրապետություն&quot;],&quot;region&quot;:&quot;Asia&quot;,&quot;latlng&quot;:[40.0,45.0],&quot;currencies&quot;:[{&quot;symbol&quot;:null,&quot;code&quot;:&quot;AMD&quot;,&quot;name&quot;:&quot;Armenian dram&quot;}]}], expected: {Capital=Kabul}, reason: actual value does not contain expected">* url 'https://restcountries.eu' .......................................... passed
* header Accept = 'Application/json' ...................................... passed
Given path '/rest/v2/name/stan' ........................................... passed
When method get ........................................................... passed
Then status 200 ........................................................... passed
And match response contains {Capital:'Kabul'} ............................. failed

Stack Trace:
com.intuit.karate.exception.KarateException: POC.feature:10 - path: $[*], actual: [{"area":652230.0,"nativeName":"افغانستان","capital":"Kabul","demonym":"Afghan","flag":"https:\/\/restcountries.eu\/data\/afg.svg","alpha2Code":"AF","languages":[{"nativeName":"پښتو","iso639_2":"pus","name":"Pashto","iso639_1":"ps"},{"nativeName":"Oʻzbek","iso639_2":"uzb","name":"Uzbek","iso639_1":"uz"},{"nativeName":"Türkmen","iso639_2":"tuk","name":"Turkmen","iso639_1":"tk"}],"borders":["IRN","PAK","TKM","UZB","TJK","CHN"],"subregion":"Southern Asia","callingCodes":["93"],"regionalBlocs":[{"otherNames":[],"acronym":"SAARC","name":"South Asian Association for Regional Cooperation","otherAcronyms":[]}],"gini":27.8,"population":27657145,"numericCode":"004","alpha3Code":"AFG","topLevelDomain":[".af"],"timezones":["UTC+04:30"],"cioc":"AFG","translations":{"br":"Afeganistão","de":"Afghanistan","pt":"Afeganistão","ja":"アフガニスタン","hr":"Afganistan","it":"Afghanistan","fa":"افغانستان","fr":"Afghanistan","es":"Afganistán","nl":"Afghanistan"},"name":"Afghanistan","altSpellings":["AF","Afġānistān"],"region":"Asia","latlng":[33.0,65.0],"currencies":[{"symbol":"؋","code":"AFN","name":"Afghan afghani"}]},{"area":2724900.0,"nativeName":"Қазақстан","capital":"Astana","demonym":"Kazakhstani","flag":"https:\/\/restcountries.eu\/data\/kaz.svg","alpha2Code":"KZ","languages":[{"nativeName":"қазақ тілі","iso639_2":"kaz","name":"Kazakh","iso639_1":"kk"},{"nativeName":"Русский","iso639_2":"rus","name":"Russian","iso639_1":"ru"}],"borders":["CHN","KGZ","RUS","TKM","UZB"],"subregion":"Central Asia","callingCodes":["76","77"],"regionalBlocs":[{"otherNames":[],"acronym":"EEU","name":"Eurasian Economic Union","otherAcronyms":["EAEU"]}],"gini":29.0,"population":17753200,"numericCode":"398","alpha3Code":"KAZ","topLevelDomain":[".kz",".қаз"],"timezones":["UTC+05:00","UTC+06:00"],"cioc":"KAZ","translations":{"br":"Cazaquistão","de":"Kasachstan","pt":"Cazaquistão","ja":"カザフスタン","hr":"Kazahstan","it":"Kazakistan","fa":"قزاقستان","fr":"Kazakhstan","es":"Kazajistán","nl":"Kazachstan"},"name":"Kazakhstan","altSpellings":["KZ","Qazaqstan","Казахстан","Republic of Kazakhstan","Қазақстан Республикасы","Qazaqstan Respublïkası","Республика Казахстан","Respublika Kazakhstan"],"region":"Asia","latlng":[48.0,68.0],"currencies":[{"symbol":null,"code":"KZT","name":"Kazakhstani tenge"}]},{"area":199951.0,"nativeName":"Кыргызстан","capital":"Bishkek","demonym":"Kirghiz","flag":"https:\/\/restcountries.eu\/data\/kgz.svg","alpha2Code":"KG","languages":[{"nativeName":"Кыргызча","iso639_2":"kir","name":"Kyrgyz","iso639_1":"ky"},{"nativeName":"Русский","iso639_2":"rus","name":"Russian","iso639_1":"ru"}],"borders":["CHN","KAZ","TJK","UZB"],"subregion":"Central Asia","callingCodes":["996"],"regionalBlocs":[{"otherNames":[],"acronym":"EEU","name":"Eurasian Economic Union","otherAcronyms":["EAEU"]}],"gini":36.2,"population":6047800,"numericCode":"417","alpha3Code":"KGZ","topLevelDomain":[".kg"],"timezones":["UTC+06:00"],"cioc":"KGZ","translations":{"br":"Quirguistão","de":"Kirgisistan","pt":"Quirguizistão","ja":"キルギス","hr":"Kirgistan","it":"Kirghizistan","fa":"قرقیزستان","fr":"Kirghizistan","es":"Kirguizistán","nl":"Kirgizië"},"name":"Kyrgyzstan","altSpellings":["KG","Киргизия","Kyrgyz Republic","Кыргыз Республикасы","Kyrgyz Respublikasy"],"region":"Asia","latlng":[41.0,75.0],"currencies":[{"symbol":"с","code":"KGS","name":"Kyrgyzstani som"}]},{"area":881912.0,"nativeName":"Pakistan","capital":"Islamabad","demonym":"Pakistani","flag":"https:\/\/restcountries.eu\/data\/pak.svg","alpha2Code":"PK","languages":[{"nativeName":"English","iso639_2":"eng","name":"English","iso639_1":"en"},{"nativeName":"اردو","iso639_2":"urd","name":"Urdu","iso639_1":"ur"}],"borders":["AFG","CHN","IND","IRN"],"subregion":"Southern Asia","callingCodes":["92"],"regionalBlocs":[{"otherNames":[],"acronym":"SAARC","name":"South Asian Association for Regional Cooperation","otherAcronyms":[]}],"gini":30.0,"population":194125062,"numericCode":"586","alpha3Code":"PAK","topLevelDomain":[".pk"],"timezones":["UTC+05:00"],"cioc":"PAK","translations":{"br":"Paquistão","de":"Pakistan","pt":"Paquistão","ja":"パキスタン","hr":"Pakistan","it":"Pakistan","fa":"پاکستان","fr":"Pakistan","es":"Pakistán","nl":"Pakistan"},"name":"Pakistan","altSpellings":["PK","Pākistān","Islamic Republic of Pakistan","Islāmī Jumhūriya'eh Pākistān"],"region":"Asia","latlng":[30.0,70.0],"currencies":[{"symbol":"\u20A8","code":"PKR","name":"Pakistani rupee"}]},{"area":null,"nativeName":"Saint Helena","capital":"Jamestown","demonym":"Saint Helenian","flag":"https:\/\/restcountries.eu\/data\/shn.svg","alpha2Code":"SH","languages":[{"nativeName":"English","iso639_2":"eng","name":"English","iso639_1":"en"}],"borders":[],"subregion":"Western Africa","callingCodes":["290"],"regionalBlocs":[{"otherNames":["الاتحاد الأفريقي","Union africaine","União Africana","Unión Africana","Umoja wa Afrika"],"acronym":"AU","name":"African Union","otherAcronyms":[]}],"gini":null,"population":4255,"numericCode":"654","alpha3Code":"SHN","topLevelDomain":[".sh"],"timezones":["UTC+00:00"],"cioc":null,"translations":{"br":"Santa Helena","de":"Sankt Helena","pt":"Santa Helena","ja":"セントヘレナ・アセンションおよびトリスタンダクーニャ","hr":"Sveta Helena","it":"Sant'Elena","fa":"سنت هلنا، اسنشن و تریستان دا کونا","fr":"Sainte-Hélène","es":"Santa Helena","nl":"Sint-Helena"},"name":"Saint Helena, Ascension and Tristan da Cunha","altSpellings":["SH"],"region":"Africa","latlng":[-15.95,-5.7],"currencies":[{"symbol":"£","code":"SHP","name":"Saint Helena pound"}]},{"area":143100.0,"nativeName":"Тоҷикистон","capital":"Dushanbe","demonym":"Tadzhik","flag":"https:\/\/restcountries.eu\/data\/tjk.svg","alpha2Code":"TJ","languages":[{"nativeName":"тоҷикӣ","iso639_2":"tgk","name":"Tajik","iso639_1":"tg"},{"nativeName":"Русский","iso639_2":"rus","name":"Russian","iso639_1":"ru"}],"borders":["AFG","CHN","KGZ","UZB"],"subregion":"Central Asia","callingCodes":["992"],"regionalBlocs":[],"gini":30.8,"population":8593600,"numericCode":"762","alpha3Code":"TJK","topLevelDomain":[".tj"],"timezones":["UTC+05:00"],"cioc":"TJK","translations":{"br":"Tajiquistão","de":"Tadschikistan","pt":"Tajiquistão","ja":"タジキスタン","hr":"Tađikistan","it":"Tagikistan","fa":"تاجیکستان","fr":"Tadjikistan","es":"Tayikistán","nl":"Tadzjikistan"},"name":"Tajikistan","altSpellings":["TJ","Toçikiston","Republic of Tajikistan","Ҷумҳурии Тоҷикистон","Çumhuriyi Toçikiston"],"region":"Asia","latlng":[39.0,71.0],"currencies":[{"symbol":"ЅМ","code":"TJS","name":"Tajikistani somoni"}]},{"area":488100.0,"nativeName":"Türkmenistan","capital":"Ashgabat","demonym":"Turkmen","flag":"https:\/\/restcountries.eu\/data\/tkm.svg","alpha2Code":"TM","languages":[{"nativeName":"Türkmen","iso639_2":"tuk","name":"Turkmen","iso639_1":"tk"},{"nativeName":"Русский","iso639_2":"rus","name":"Russian","iso639_1":"ru"}],"borders":["AFG","IRN","KAZ","UZB"],"subregion":"Central Asia","callingCodes":["993"],"regionalBlocs":[],"gini":40.8,"population":4751120,"numericCode":"795","alpha3Code":"TKM","topLevelDomain":[".tm"],"timezones":["UTC+05:00"],"cioc":"TKM","translations":{"br":"Turcomenistão","de":"Turkmenistan","pt":"Turquemenistão","ja":"トルクメニスタン","hr":"Turkmenistan","it":"Turkmenistan","fa":"ترکمنستان","fr":"Turkménistan","es":"Turkmenistán","nl":"Turkmenistan"},"name":"Turkmenistan","altSpellings":["TM"],"region":"Asia","latlng":[40.0,60.0],"currencies":[{"symbol":"m","code":"TMT","name":"Turkmenistan manat"}]},{"area":447400.0,"nativeName":"O\u2018zbekiston","capital":"Tashkent","demonym":"Uzbekistani","flag":"https:\/\/restcountries.eu\/data\/uzb.svg","alpha2Code":"UZ","languages":[{"nativeName":"Oʻzbek","iso639_2":"uzb","name":"Uzbek","iso639_1":"uz"},{"nativeName":"Русский","iso639_2":"rus","name":"Russian","iso639_1":"ru"}],"borders":["AFG","KAZ","KGZ","TJK","TKM"],"subregion":"Central Asia","callingCodes":["998"],"regionalBlocs":[],"gini":36.7,"population":31576400,"numericCode":"860","alpha3Code":"UZB","topLevelDomain":[".uz"],"timezones":["UTC+05:00"],"cioc":"UZB","translations":{"br":"Uzbequistão","de":"Usbekistan","pt":"Usbequistão","ja":"ウズベキスタン","hr":"Uzbekistan","it":"Uzbekistan","fa":"ازبکستان","fr":"Ouzbékistan","es":"Uzbekistán","nl":"Oezbekistan"},"name":"Uzbekistan","altSpellings":["UZ","Republic of Uzbekistan","O\u2018zbekiston Respublikasi","Ўзбекистон Республикаси"],"region":"Asia","latlng":[41.0,64.0],"currencies":[{"symbol":null,"code":"UZS","name":"Uzbekistani so'm"}]},{"area":29743.0,"nativeName":"Հայաստան","capital":"Yerevan","demonym":"Armenian","flag":"https:\/\/restcountries.eu\/data\/arm.svg","alpha2Code":"AM","languages":[{"nativeName":"Հայերեն","iso639_2":"hye","name":"Armenian","iso639_1":"hy"},{"nativeName":"Русский","iso639_2":"rus","name":"Russian","iso639_1":"ru"}],"borders":["AZE","GEO","IRN","TUR"],"subregion":"Western Asia","callingCodes":["374"],"regionalBlocs":[{"otherNames":[],"acronym":"EEU","name":"Eurasian Economic Union","otherAcronyms":["EAEU"]}],"gini":30.9,"population":2994400,"numericCode":"051","alpha3Code":"ARM","topLevelDomain":[".am"],"timezones":["UTC+04:00"],"cioc":"ARM","translations":{"br":"Armênia","de":"Armenien","pt":"Arménia","ja":"アルメニア","hr":"Armenija","it":"Armenia","fa":"ارمنستان","fr":"Arménie","es":"Armenia","nl":"Armenië"},"name":"Armenia","altSpellings":["AM","Hayastan","Republic of Armenia","Հայաստանի Հանրապետություն"],"region":"Asia","latlng":[40.0,45.0],"currencies":[{"symbol":null,"code":"AMD","name":"Armenian dram"}]}], expected: {Capital=Kabul}, reason: actual value does not contain expected&#13;
	at ✽.And match response contains {Capital:'Kabul'} (POC.feature:10)</failure>
  </testcase>
</testsuite>
